<?xml version="1.0" encoding="UTF-8"?>
<coverage generated="1618903420560" clover="3.2.0">
  <project timestamp="1618903420561" name="All files">
    <metrics statements="23" coveredstatements="23" conditionals="11" coveredconditionals="11" methods="4" coveredmethods="4" elements="38" coveredelements="38" complexity="0" loc="23" ncloc="23" packages="1" files="1" classes="1"/>
    <file name="index.js" path="/mnt/c/users/professional/desktop/frontend/frontend-project-lvl2/index.js">
      <metrics statements="23" coveredstatements="23" conditionals="11" coveredconditionals="11" methods="4" coveredmethods="4"/>
      <line num="5" count="1" type="stmt"/>
      <line num="6" count="1" type="stmt"/>
      <line num="7" count="1" type="stmt"/>
      <line num="8" count="7" type="cond" truecount="2" falsecount="0"/>
      <line num="9" count="5" type="stmt"/>
      <line num="11" count="7" type="stmt"/>
      <line num="13" count="1" type="stmt"/>
      <line num="14" count="5" type="cond" truecount="2" falsecount="0"/>
      <line num="15" count="1" type="stmt"/>
      <line num="16" count="1" type="stmt"/>
      <line num="17" count="4" type="cond" truecount="2" falsecount="0"/>
      <line num="18" count="2" type="stmt"/>
      <line num="19" count="2" type="stmt"/>
      <line num="20" count="2" type="cond" truecount="5" falsecount="0"/>
      <line num="21" count="1" type="stmt"/>
      <line num="22" count="1" type="stmt"/>
      <line num="24" count="1" type="stmt"/>
      <line num="25" count="1" type="stmt"/>
      <line num="27" count="1" type="stmt"/>
      <line num="30" count="1" type="stmt"/>
      <line num="31" count="1" type="stmt"/>
      <line num="32" count="1" type="stmt"/>
      <line num="34" count="1" type="stmt"/>
    </file>
  </project>
</coverage>
