{"/mnt/c/users/professional/desktop/frontend/frontend-project-lvl2/index.js": {"path":"/mnt/c/users/professional/desktop/frontend/frontend-project-lvl2/index.js","statementMap":{"0":{"start":{"line":5,"column":19},"end":{"line":28,"column":1}},"1":{"start":{"line":6,"column":22},"end":{"line":6,"column":72}},"2":{"start":{"line":7,"column":25},"end":{"line":12,"column":8}},"3":{"start":{"line":8,"column":4},"end":{"line":10,"column":5}},"4":{"start":{"line":9,"column":6},"end":{"line":9,"column":20}},"5":{"start":{"line":11,"column":4},"end":{"line":11,"column":15}},"6":{"start":{"line":13,"column":17},"end":{"line":26,"column":8}},"7":{"start":{"line":14,"column":4},"end":{"line":17,"column":5}},"8":{"start":{"line":15,"column":6},"end":{"line":15,"column":48}},"9":{"start":{"line":16,"column":6},"end":{"line":16,"column":17}},"10":{"start":{"line":17,"column":6},"end":{"line":20,"column":5}},"11":{"start":{"line":18,"column":6},"end":{"line":18,"column":48}},"12":{"start":{"line":19,"column":6},"end":{"line":19,"column":17}},"13":{"start":{"line":20,"column":6},"end":{"line":23,"column":5}},"14":{"start":{"line":21,"column":6},"end":{"line":21,"column":48}},"15":{"start":{"line":22,"column":6},"end":{"line":22,"column":17}},"16":{"start":{"line":24,"column":4},"end":{"line":24,"column":79}},"17":{"start":{"line":25,"column":4},"end":{"line":25,"column":15}},"18":{"start":{"line":27,"column":2},"end":{"line":27,"column":38}},"19":{"start":{"line":30,"column":16},"end":{"line":35,"column":1}},"20":{"start":{"line":31,"column":24},"end":{"line":31,"column":74}},"21":{"start":{"line":32,"column":25},"end":{"line":32,"column":75}},"22":{"start":{"line":34,"column":2},"end":{"line":34,"column":51}}},"fnMap":{"0":{"name":"(anonymous_0)","decl":{"start":{"line":5,"column":19},"end":{"line":5,"column":20}},"loc":{"start":{"line":5,"column":41},"end":{"line":28,"column":1}},"line":5},"1":{"name":"(anonymous_1)","decl":{"start":{"line":7,"column":44},"end":{"line":7,"column":45}},"loc":{"start":{"line":7,"column":58},"end":{"line":12,"column":3}},"line":7},"2":{"name":"(anonymous_2)","decl":{"start":{"line":13,"column":39},"end":{"line":13,"column":40}},"loc":{"start":{"line":13,"column":53},"end":{"line":26,"column":3}},"line":13},"3":{"name":"(anonymous_3)","decl":{"start":{"line":30,"column":16},"end":{"line":30,"column":17}},"loc":{"start":{"line":30,"column":38},"end":{"line":35,"column":1}},"line":30}},"branchMap":{"0":{"loc":{"start":{"line":8,"column":4},"end":{"line":10,"column":5}},"type":"if","locations":[{"start":{"line":8,"column":4},"end":{"line":10,"column":5}},{"start":{"line":8,"column":4},"end":{"line":10,"column":5}}],"line":8},"1":{"loc":{"start":{"line":14,"column":4},"end":{"line":17,"column":5}},"type":"if","locations":[{"start":{"line":14,"column":4},"end":{"line":17,"column":5}},{"start":{"line":14,"column":4},"end":{"line":17,"column":5}}],"line":14},"2":{"loc":{"start":{"line":17,"column":6},"end":{"line":20,"column":5}},"type":"if","locations":[{"start":{"line":17,"column":6},"end":{"line":20,"column":5}},{"start":{"line":17,"column":6},"end":{"line":20,"column":5}}],"line":17},"3":{"loc":{"start":{"line":20,"column":6},"end":{"line":23,"column":5}},"type":"if","locations":[{"start":{"line":20,"column":6},"end":{"line":23,"column":5}},{"start":{"line":20,"column":6},"end":{"line":23,"column":5}}],"line":20},"4":{"loc":{"start":{"line":20,"column":10},"end":{"line":20,"column":85}},"type":"binary-expr","locations":[{"start":{"line":20,"column":10},"end":{"line":20,"column":29}},{"start":{"line":20,"column":33},"end":{"line":20,"column":52}},{"start":{"line":20,"column":56},"end":{"line":20,"column":85}}],"line":20}},"s":{"0":1,"1":1,"2":1,"3":7,"4":5,"5":7,"6":1,"7":5,"8":1,"9":1,"10":4,"11":2,"12":2,"13":2,"14":1,"15":1,"16":1,"17":1,"18":1,"19":1,"20":1,"21":1,"22":1},"f":{"0":1,"1":7,"2":5,"3":1},"b":{"0":[5,2],"1":[1,4],"2":[2,2],"3":[1,1],"4":[2,2,2]},"_coverageSchema":"1a1c01bbd47fc00a2c39e90264f33305004495a9","hash":"aa10f4153b193ac44d74851d0614240bdea92903"}
}
