{"/mnt/c/users/professional/desktop/frontend/frontend-project-lvl2/src/findDiff.js": {"path":"/mnt/c/users/professional/desktop/frontend/frontend-project-lvl2/src/findDiff.js","statementMap":{"0":{"start":{"line":3,"column":17},"end":{"line":28,"column":1}},"1":{"start":{"line":4,"column":21},"end":{"line":4,"column":62}},"2":{"start":{"line":5,"column":17},"end":{"line":26,"column":6}},"3":{"start":{"line":7,"column":6},"end":{"line":9,"column":7}},"4":{"start":{"line":8,"column":8},"end":{"line":8,"column":67}},"5":{"start":{"line":10,"column":6},"end":{"line":12,"column":7}},"6":{"start":{"line":11,"column":8},"end":{"line":11,"column":69}},"7":{"start":{"line":13,"column":6},"end":{"line":15,"column":7}},"8":{"start":{"line":14,"column":8},"end":{"line":14,"column":96}},"9":{"start":{"line":16,"column":6},"end":{"line":24,"column":7}},"10":{"start":{"line":18,"column":8},"end":{"line":23,"column":10}},"11":{"start":{"line":25,"column":6},"end":{"line":25,"column":69}},"12":{"start":{"line":27,"column":2},"end":{"line":27,"column":34}}},"fnMap":{"0":{"name":"(anonymous_0)","decl":{"start":{"line":3,"column":17},"end":{"line":3,"column":18}},"loc":{"start":{"line":3,"column":39},"end":{"line":28,"column":1}},"line":3},"1":{"name":"(anonymous_1)","decl":{"start":{"line":6,"column":9},"end":{"line":6,"column":10}},"loc":{"start":{"line":6,"column":19},"end":{"line":26,"column":5}},"line":6}},"branchMap":{"0":{"loc":{"start":{"line":7,"column":6},"end":{"line":9,"column":7}},"type":"if","locations":[{"start":{"line":7,"column":6},"end":{"line":9,"column":7}},{"start":{"line":7,"column":6},"end":{"line":9,"column":7}}],"line":7},"1":{"loc":{"start":{"line":10,"column":6},"end":{"line":12,"column":7}},"type":"if","locations":[{"start":{"line":10,"column":6},"end":{"line":12,"column":7}},{"start":{"line":10,"column":6},"end":{"line":12,"column":7}}],"line":10},"2":{"loc":{"start":{"line":13,"column":6},"end":{"line":15,"column":7}},"type":"if","locations":[{"start":{"line":13,"column":6},"end":{"line":15,"column":7}},{"start":{"line":13,"column":6},"end":{"line":15,"column":7}}],"line":13},"3":{"loc":{"start":{"line":13,"column":10},"end":{"line":13,"column":64}},"type":"binary-expr","locations":[{"start":{"line":13,"column":10},"end":{"line":13,"column":35}},{"start":{"line":13,"column":39},"end":{"line":13,"column":64}}],"line":13},"4":{"loc":{"start":{"line":16,"column":6},"end":{"line":24,"column":7}},"type":"if","locations":[{"start":{"line":16,"column":6},"end":{"line":24,"column":7}},{"start":{"line":16,"column":6},"end":{"line":24,"column":7}}],"line":16},"5":{"loc":{"start":{"line":16,"column":10},"end":{"line":17,"column":42}},"type":"binary-expr","locations":[{"start":{"line":16,"column":11},"end":{"line":16,"column":56}},{"start":{"line":17,"column":10},"end":{"line":17,"column":41}}],"line":16}},"s":{"0":1,"1":30,"2":30,"3":108,"4":30,"5":78,"6":12,"7":66,"8":24,"9":42,"10":24,"11":18,"12":30},"f":{"0":30,"1":108},"b":{"0":[30,78],"1":[12,66],"2":[24,42],"3":[66,30],"4":[24,18],"5":[42,30]},"_coverageSchema":"1a1c01bbd47fc00a2c39e90264f33305004495a9","hash":"d1c1e2fbcd088c9544d9e91fe389bf061978eea4"}
,"/mnt/c/users/professional/desktop/frontend/frontend-project-lvl2/src/index.js": {"path":"/mnt/c/users/professional/desktop/frontend/frontend-project-lvl2/src/index.js","statementMap":{"0":{"start":{"line":7,"column":17},"end":{"line":7,"column":114}},"1":{"start":{"line":7,"column":27},"end":{"line":7,"column":114}},"2":{"start":{"line":8,"column":15},"end":{"line":8,"column":43}},"3":{"start":{"line":8,"column":25},"end":{"line":8,"column":43}},"4":{"start":{"line":11,"column":18},"end":{"line":11,"column":35}},"5":{"start":{"line":12,"column":18},"end":{"line":12,"column":35}},"6":{"start":{"line":13,"column":17},"end":{"line":13,"column":32}},"7":{"start":{"line":14,"column":17},"end":{"line":14,"column":32}},"8":{"start":{"line":15,"column":24},"end":{"line":15,"column":46}},"9":{"start":{"line":16,"column":24},"end":{"line":16,"column":46}},"10":{"start":{"line":17,"column":15},"end":{"line":17,"column":53}},"11":{"start":{"line":18,"column":2},"end":{"line":18,"column":30}}},"fnMap":{"0":{"name":"(anonymous_0)","decl":{"start":{"line":7,"column":17},"end":{"line":7,"column":18}},"loc":{"start":{"line":7,"column":27},"end":{"line":7,"column":114}},"line":7},"1":{"name":"(anonymous_1)","decl":{"start":{"line":8,"column":15},"end":{"line":8,"column":16}},"loc":{"start":{"line":8,"column":25},"end":{"line":8,"column":43}},"line":8},"2":{"name":"(anonymous_2)","decl":{"start":{"line":10,"column":15},"end":{"line":10,"column":16}},"loc":{"start":{"line":10,"column":57},"end":{"line":19,"column":1}},"line":10}},"branchMap":{"0":{"loc":{"start":{"line":10,"column":34},"end":{"line":10,"column":52}},"type":"default-arg","locations":[{"start":{"line":10,"column":43},"end":{"line":10,"column":52}}],"line":10}},"s":{"0":1,"1":12,"2":1,"3":12,"4":6,"5":6,"6":6,"7":6,"8":6,"9":6,"10":6,"11":6},"f":{"0":12,"1":12,"2":6},"b":{"0":[0]},"_coverageSchema":"1a1c01bbd47fc00a2c39e90264f33305004495a9","hash":"118966e62bf73cab628fbb6e9f8dfc5999157ddb"}
,"/mnt/c/users/professional/desktop/frontend/frontend-project-lvl2/src/parsers.js": {"path":"/mnt/c/users/professional/desktop/frontend/frontend-project-lvl2/src/parsers.js","statementMap":{"0":{"start":{"line":3,"column":20},"end":{"line":6,"column":1}},"1":{"start":{"line":9,"column":16},"end":{"line":9,"column":36}},"2":{"start":{"line":10,"column":2},"end":{"line":10,"column":21}}},"fnMap":{"0":{"name":"(anonymous_0)","decl":{"start":{"line":8,"column":15},"end":{"line":8,"column":16}},"loc":{"start":{"line":8,"column":34},"end":{"line":11,"column":1}},"line":8}},"branchMap":{},"s":{"0":1,"1":12,"2":12},"f":{"0":12},"b":{},"_coverageSchema":"1a1c01bbd47fc00a2c39e90264f33305004495a9","hash":"011c2910212b612ecf63dd04a9503449e4f9f40d"}
,"/mnt/c/users/professional/desktop/frontend/frontend-project-lvl2/src/formatters/index.js": {"path":"/mnt/c/users/professional/desktop/frontend/frontend-project-lvl2/src/formatters/index.js","statementMap":{"0":{"start":{"line":5,"column":2},"end":{"line":12,"column":3}},"1":{"start":{"line":7,"column":6},"end":{"line":7,"column":29}},"2":{"start":{"line":9,"column":6},"end":{"line":9,"column":38}},"3":{"start":{"line":11,"column":6},"end":{"line":11,"column":31}}},"fnMap":{"0":{"name":"(anonymous_0)","decl":{"start":{"line":4,"column":15},"end":{"line":4,"column":16}},"loc":{"start":{"line":4,"column":37},"end":{"line":13,"column":1}},"line":4}},"branchMap":{"0":{"loc":{"start":{"line":5,"column":2},"end":{"line":12,"column":3}},"type":"switch","locations":[{"start":{"line":6,"column":4},"end":{"line":7,"column":29}},{"start":{"line":8,"column":4},"end":{"line":9,"column":38}},{"start":{"line":10,"column":4},"end":{"line":11,"column":31}}],"line":5}},"s":{"0":6,"1":2,"2":2,"3":2},"f":{"0":6},"b":{"0":[2,2,2]},"_coverageSchema":"1a1c01bbd47fc00a2c39e90264f33305004495a9","hash":"bc54a0077b4999591f43771ce3072bc84dd17164"}
,"/mnt/c/users/professional/desktop/frontend/frontend-project-lvl2/src/formatters/plain.js": {"path":"/mnt/c/users/professional/desktop/frontend/frontend-project-lvl2/src/formatters/plain.js","statementMap":{"0":{"start":{"line":3,"column":20},"end":{"line":8,"column":1}},"1":{"start":{"line":4,"column":2},"end":{"line":6,"column":3}},"2":{"start":{"line":5,"column":4},"end":{"line":5,"column":26}},"3":{"start":{"line":7,"column":2},"end":{"line":7,"column":36}},"4":{"start":{"line":10,"column":17},"end":{"line":18,"column":1}},"5":{"start":{"line":11,"column":2},"end":{"line":13,"column":3}},"6":{"start":{"line":12,"column":4},"end":{"line":12,"column":29}},"7":{"start":{"line":14,"column":2},"end":{"line":16,"column":3}},"8":{"start":{"line":15,"column":4},"end":{"line":15,"column":24}},"9":{"start":{"line":17,"column":2},"end":{"line":17,"column":15}},"10":{"start":{"line":20,"column":20},"end":{"line":38,"column":1}},"11":{"start":{"line":21,"column":17},"end":{"line":36,"column":6}},"12":{"start":{"line":22,"column":22},"end":{"line":22,"column":47}},"13":{"start":{"line":24,"column":6},"end":{"line":35,"column":7}},"14":{"start":{"line":26,"column":10},"end":{"line":26,"column":73}},"15":{"start":{"line":28,"column":10},"end":{"line":28,"column":141}},"16":{"start":{"line":30,"column":10},"end":{"line":30,"column":107}},"17":{"start":{"line":32,"column":10},"end":{"line":32,"column":73}},"18":{"start":{"line":34,"column":10},"end":{"line":34,"column":49}},"19":{"start":{"line":37,"column":2},"end":{"line":37,"column":27}}},"fnMap":{"0":{"name":"(anonymous_0)","decl":{"start":{"line":3,"column":20},"end":{"line":3,"column":21}},"loc":{"start":{"line":3,"column":40},"end":{"line":8,"column":1}},"line":3},"1":{"name":"(anonymous_1)","decl":{"start":{"line":10,"column":17},"end":{"line":10,"column":18}},"loc":{"start":{"line":10,"column":28},"end":{"line":18,"column":1}},"line":10},"2":{"name":"(anonymous_2)","decl":{"start":{"line":20,"column":20},"end":{"line":20,"column":21}},"loc":{"start":{"line":20,"column":45},"end":{"line":38,"column":1}},"line":20},"3":{"name":"(anonymous_3)","decl":{"start":{"line":22,"column":12},"end":{"line":22,"column":13}},"loc":{"start":{"line":22,"column":22},"end":{"line":22,"column":47}},"line":22},"4":{"name":"(anonymous_4)","decl":{"start":{"line":23,"column":9},"end":{"line":23,"column":10}},"loc":{"start":{"line":23,"column":19},"end":{"line":36,"column":5}},"line":23}},"branchMap":{"0":{"loc":{"start":{"line":4,"column":2},"end":{"line":6,"column":3}},"type":"if","locations":[{"start":{"line":4,"column":2},"end":{"line":6,"column":3}},{"start":{"line":4,"column":2},"end":{"line":6,"column":3}}],"line":4},"1":{"loc":{"start":{"line":11,"column":2},"end":{"line":13,"column":3}},"type":"if","locations":[{"start":{"line":11,"column":2},"end":{"line":13,"column":3}},{"start":{"line":11,"column":2},"end":{"line":13,"column":3}}],"line":11},"2":{"loc":{"start":{"line":14,"column":2},"end":{"line":16,"column":3}},"type":"if","locations":[{"start":{"line":14,"column":2},"end":{"line":16,"column":3}},{"start":{"line":14,"column":2},"end":{"line":16,"column":3}}],"line":14},"3":{"loc":{"start":{"line":20,"column":27},"end":{"line":20,"column":40}},"type":"default-arg","locations":[{"start":{"line":20,"column":38},"end":{"line":20,"column":40}}],"line":20},"4":{"loc":{"start":{"line":24,"column":6},"end":{"line":35,"column":7}},"type":"switch","locations":[{"start":{"line":25,"column":8},"end":{"line":26,"column":73}},{"start":{"line":27,"column":8},"end":{"line":28,"column":141}},{"start":{"line":29,"column":8},"end":{"line":30,"column":107}},{"start":{"line":31,"column":8},"end":{"line":32,"column":73}},{"start":{"line":33,"column":8},"end":{"line":34,"column":49}}],"line":24}},"s":{"0":1,"1":30,"2":8,"3":22,"4":1,"5":26,"6":6,"7":20,"8":14,"9":6,"10":1,"11":10,"12":36,"13":30,"14":4,"15":8,"16":10,"17":8,"18":0,"19":10},"f":{"0":30,"1":26,"2":10,"3":36,"4":30},"b":{"0":[8,22],"1":[6,20],"2":[14,6],"3":[2],"4":[4,8,10,8,0]},"_coverageSchema":"1a1c01bbd47fc00a2c39e90264f33305004495a9","hash":"e7c61a7bd7ba560c6fd4b1cc1fa2527d11b7fd09"}
,"/mnt/c/users/professional/desktop/frontend/frontend-project-lvl2/src/formatters/stylish.js": {"path":"/mnt/c/users/professional/desktop/frontend/frontend-project-lvl2/src/formatters/stylish.js","statementMap":{"0":{"start":{"line":3,"column":17},"end":{"line":3,"column":52}},"1":{"start":{"line":3,"column":30},"end":{"line":3,"column":51}},"2":{"start":{"line":5,"column":19},"end":{"line":12,"column":1}},"3":{"start":{"line":6,"column":2},"end":{"line":8,"column":3}},"4":{"start":{"line":7,"column":4},"end":{"line":7,"column":17}},"5":{"start":{"line":9,"column":16},"end":{"line":9,"column":117}},"6":{"start":{"line":9,"column":44},"end":{"line":9,"column":116}},"7":{"start":{"line":10,"column":21},"end":{"line":10,"column":37}},"8":{"start":{"line":11,"column":2},"end":{"line":11,"column":50}},"9":{"start":{"line":14,"column":24},"end":{"line":34,"column":1}},"10":{"start":{"line":15,"column":16},"end":{"line":31,"column":4}},"11":{"start":{"line":16,"column":22},"end":{"line":16,"column":116}},"12":{"start":{"line":16,"column":39},"end":{"line":16,"column":116}},"13":{"start":{"line":17,"column":4},"end":{"line":30,"column":5}},"14":{"start":{"line":19,"column":8},"end":{"line":19,"column":179}},"15":{"start":{"line":21,"column":8},"end":{"line":21,"column":42}},"16":{"start":{"line":23,"column":8},"end":{"line":23,"column":42}},"17":{"start":{"line":25,"column":8},"end":{"line":25,"column":42}},"18":{"start":{"line":27,"column":8},"end":{"line":27,"column":100}},"19":{"start":{"line":29,"column":8},"end":{"line":29,"column":54}},"20":{"start":{"line":32,"column":21},"end":{"line":32,"column":37}},"21":{"start":{"line":33,"column":2},"end":{"line":33,"column":50}}},"fnMap":{"0":{"name":"(anonymous_0)","decl":{"start":{"line":3,"column":17},"end":{"line":3,"column":18}},"loc":{"start":{"line":3,"column":30},"end":{"line":3,"column":51}},"line":3},"1":{"name":"(anonymous_1)","decl":{"start":{"line":5,"column":19},"end":{"line":5,"column":20}},"loc":{"start":{"line":5,"column":42},"end":{"line":12,"column":1}},"line":5},"2":{"name":"(anonymous_2)","decl":{"start":{"line":9,"column":34},"end":{"line":9,"column":35}},"loc":{"start":{"line":9,"column":44},"end":{"line":9,"column":116}},"line":9},"3":{"name":"(anonymous_3)","decl":{"start":{"line":14,"column":24},"end":{"line":14,"column":25}},"loc":{"start":{"line":14,"column":46},"end":{"line":34,"column":1}},"line":14},"4":{"name":"(anonymous_4)","decl":{"start":{"line":15,"column":25},"end":{"line":15,"column":26}},"loc":{"start":{"line":15,"column":35},"end":{"line":31,"column":3}},"line":15},"5":{"name":"(anonymous_5)","decl":{"start":{"line":16,"column":22},"end":{"line":16,"column":23}},"loc":{"start":{"line":16,"column":39},"end":{"line":16,"column":116}},"line":16}},"branchMap":{"0":{"loc":{"start":{"line":5,"column":27},"end":{"line":5,"column":37}},"type":"default-arg","locations":[{"start":{"line":5,"column":36},"end":{"line":5,"column":37}}],"line":5},"1":{"loc":{"start":{"line":6,"column":2},"end":{"line":8,"column":3}},"type":"if","locations":[{"start":{"line":6,"column":2},"end":{"line":8,"column":3}},{"start":{"line":6,"column":2},"end":{"line":8,"column":3}}],"line":6},"2":{"loc":{"start":{"line":14,"column":31},"end":{"line":14,"column":41}},"type":"default-arg","locations":[{"start":{"line":14,"column":40},"end":{"line":14,"column":41}}],"line":14},"3":{"loc":{"start":{"line":17,"column":4},"end":{"line":30,"column":5}},"type":"switch","locations":[{"start":{"line":18,"column":6},"end":{"line":19,"column":179}},{"start":{"line":20,"column":6},"end":{"line":21,"column":42}},{"start":{"line":22,"column":6},"end":{"line":23,"column":42}},{"start":{"line":24,"column":6},"end":{"line":25,"column":42}},{"start":{"line":26,"column":6},"end":{"line":27,"column":100}},{"start":{"line":28,"column":6},"end":{"line":29,"column":54}}],"line":17}},"s":{"0":1,"1":86,"2":1,"3":54,"4":40,"5":14,"6":18,"7":14,"8":14,"9":1,"10":10,"11":36,"12":20,"13":36,"14":8,"15":6,"16":10,"17":4,"18":8,"19":0,"20":10,"21":10},"f":{"0":86,"1":54,"2":18,"3":10,"4":36,"5":20},"b":{"0":[0],"1":[40,14],"2":[2],"3":[8,6,10,4,8,0]},"_coverageSchema":"1a1c01bbd47fc00a2c39e90264f33305004495a9","hash":"775bb6090af78fbfe972a01497c9e95b459785e5"}
}
