TN:
SF:index.js
FN:5,(anonymous_0)
FN:7,(anonymous_1)
FN:13,(anonymous_2)
FN:30,(anonymous_3)
FNF:4
FNH:4
FNDA:1,(anonymous_0)
FNDA:7,(anonymous_1)
FNDA:5,(anonymous_2)
FNDA:1,(anonymous_3)
DA:5,1
DA:6,1
DA:7,1
DA:8,7
DA:9,5
DA:11,7
DA:13,1
DA:14,5
DA:15,1
DA:16,1
DA:17,4
DA:18,2
DA:19,2
DA:20,2
DA:21,1
DA:22,1
DA:24,1
DA:25,1
DA:27,1
DA:30,1
DA:31,1
DA:32,1
DA:34,1
LF:23
LH:23
BRDA:8,0,0,5
BRDA:8,0,1,2
BRDA:14,1,0,1
BRDA:14,1,1,4
BRDA:17,2,0,2
BRDA:17,2,1,2
BRDA:20,3,0,1
BRDA:20,3,1,1
BRDA:20,4,0,2
BRDA:20,4,1,2
BRDA:20,4,2,2
BRF:11
BRH:11
end_of_record
