TN:
SF:src/findDiff.js
FN:3,(anonymous_0)
FN:6,(anonymous_1)
FNF:2
FNH:2
FNDA:30,(anonymous_0)
FNDA:108,(anonymous_1)
DA:3,1
DA:4,30
DA:5,30
DA:7,108
DA:8,30
DA:10,78
DA:11,12
DA:13,66
DA:14,24
DA:16,42
DA:18,24
DA:25,18
DA:27,30
LF:13
LH:13
BRDA:7,0,0,30
BRDA:7,0,1,78
BRDA:10,1,0,12
BRDA:10,1,1,66
BRDA:13,2,0,24
BRDA:13,2,1,42
BRDA:13,3,0,66
BRDA:13,3,1,30
BRDA:16,4,0,24
BRDA:16,4,1,18
BRDA:16,5,0,42
BRDA:16,5,1,30
BRF:12
BRH:12
end_of_record
TN:
SF:src/index.js
FN:7,(anonymous_0)
FN:8,(anonymous_1)
FN:10,(anonymous_2)
FNF:3
FNH:3
FNDA:12,(anonymous_0)
FNDA:12,(anonymous_1)
FNDA:6,(anonymous_2)
DA:7,12
DA:8,12
DA:11,6
DA:12,6
DA:13,6
DA:14,6
DA:15,6
DA:16,6
DA:17,6
DA:18,6
LF:10
LH:10
BRDA:10,0,0,0
BRF:1
BRH:0
end_of_record
TN:
SF:src/parsers.js
FN:8,(anonymous_0)
FNF:1
FNH:1
FNDA:12,(anonymous_0)
DA:3,1
DA:9,12
DA:10,12
LF:3
LH:3
BRF:0
BRH:0
end_of_record
TN:
SF:src/formatters/index.js
FN:4,(anonymous_0)
FNF:1
FNH:1
FNDA:6,(anonymous_0)
DA:5,6
DA:7,2
DA:9,2
DA:11,2
LF:4
LH:4
BRDA:5,0,0,2
BRDA:5,0,1,2
BRDA:5,0,2,2
BRF:3
BRH:3
end_of_record
TN:
SF:src/formatters/plain.js
FN:3,(anonymous_0)
FN:10,(anonymous_1)
FN:20,(anonymous_2)
FN:22,(anonymous_3)
FN:23,(anonymous_4)
FNF:5
FNH:5
FNDA:30,(anonymous_0)
FNDA:26,(anonymous_1)
FNDA:10,(anonymous_2)
FNDA:36,(anonymous_3)
FNDA:30,(anonymous_4)
DA:3,1
DA:4,30
DA:5,8
DA:7,22
DA:10,1
DA:11,26
DA:12,6
DA:14,20
DA:15,14
DA:17,6
DA:20,1
DA:21,10
DA:22,36
DA:24,30
DA:26,4
DA:28,8
DA:30,10
DA:32,8
DA:34,0
DA:37,10
LF:20
LH:19
BRDA:4,0,0,8
BRDA:4,0,1,22
BRDA:11,1,0,6
BRDA:11,1,1,20
BRDA:14,2,0,14
BRDA:14,2,1,6
BRDA:20,3,0,2
BRDA:24,4,0,4
BRDA:24,4,1,8
BRDA:24,4,2,10
BRDA:24,4,3,8
BRDA:24,4,4,0
BRF:12
BRH:11
end_of_record
TN:
SF:src/formatters/stylish.js
FN:3,(anonymous_0)
FN:5,(anonymous_1)
FN:9,(anonymous_2)
FN:14,(anonymous_3)
FN:15,(anonymous_4)
FN:16,(anonymous_5)
FNF:6
FNH:6
FNDA:86,(anonymous_0)
FNDA:54,(anonymous_1)
FNDA:18,(anonymous_2)
FNDA:10,(anonymous_3)
FNDA:36,(anonymous_4)
FNDA:20,(anonymous_5)
DA:3,86
DA:5,1
DA:6,54
DA:7,40
DA:9,18
DA:10,14
DA:11,14
DA:14,1
DA:15,10
DA:16,36
DA:17,36
DA:19,8
DA:21,6
DA:23,10
DA:25,4
DA:27,8
DA:29,0
DA:32,10
DA:33,10
LF:19
LH:18
BRDA:5,0,0,0
BRDA:6,1,0,40
BRDA:6,1,1,14
BRDA:14,2,0,2
BRDA:17,3,0,8
BRDA:17,3,1,6
BRDA:17,3,2,10
BRDA:17,3,3,4
BRDA:17,3,4,8
BRDA:17,3,5,0
BRF:10
BRH:8
end_of_record
